<?xml version="1.0" encoding="UTF-8"?>
<testng-results skipped="0" failed="0" total="1" passed="1">
  <reporter-output>
  </reporter-output>
  <suite name="Single" duration-ms="59339" started-at="2018-03-09T06:06:37Z" finished-at="2018-03-09T06:07:37Z">
    <groups>
    </groups>
    <test name="SingleTest" duration-ms="59339" started-at="2018-03-09T06:06:37Z" finished-at="2018-03-09T06:07:37Z">
      <class name="com.browserstack.SingleTest">
        <test-method status="PASS" signature="setUp(java.lang.String, java.lang.String)[pri:0, instance:com.browserstack.SingleTest@3d8c7aca]" name="setUp" is-config="true" duration-ms="43569" started-at="2018-03-09T11:36:37Z" finished-at="2018-03-09T11:37:21Z">
          <params>
            <param index="0">
              <value>
                <![CDATA[single.conf.json]]>
              </value>
            </param>
            <param index="1">
              <value>
                <![CDATA[galaxy_s7]]>
              </value>
            </param>
          </params>
          <reporter-output>
          </reporter-output>
        </test-method> <!-- setUp -->
        <test-method status="PASS" signature="test()[pri:0, instance:com.browserstack.SingleTest@3d8c7aca]" name="test" duration-ms="10331" started-at="2018-03-09T11:37:21Z" finished-at="2018-03-09T11:37:31Z">
          <reporter-output>
          </reporter-output>
        </test-method> <!-- test -->
        <test-method status="PASS" signature="tearDown()[pri:0, instance:com.browserstack.SingleTest@3d8c7aca]" name="tearDown" is-config="true" duration-ms="5428" started-at="2018-03-09T11:37:31Z" finished-at="2018-03-09T11:37:37Z">
          <reporter-output>
          </reporter-output>
        </test-method> <!-- tearDown -->
      </class> <!-- com.browserstack.SingleTest -->
    </test> <!-- SingleTest -->
  </suite> <!-- Single -->
</testng-results>
